<?xml version="1.0" encoding="UTF-8"?>
<!-- Generated by org.testng.reporters.JUnitReportReporter -->
<testsuite hostname="LTIN231353" failures="0" tests="3" name="TestSuites.TestCases" time="36.160" errors="0" timestamp="2023-07-13T12:24:29 IST" skipped="0">
  <testcase classname="TestSuites.TestCases" name="emicalc" time="14.860"/>
  <testcase classname="TestSuites.TestCases" name="homeloan" time="11.862"/>
  <testcase classname="TestSuites.TestCases" name="loancalc" time="9.438"/>
</testsuite> <!-- TestSuites.TestCases -->
